<?xml version="1.0" encoding="UTF-8"?>
<testng-results skipped="0" failed="0" ignored="0" total="3" passed="3">
  <reporter-output>
  </reporter-output>
  <suite name="Surefire suite" duration-ms="37396" started-at="2017-12-02T16:06:03Z" finished-at="2017-12-02T16:06:40Z">
    <groups>
      <group name="openSite">
        <method signature="TestTest.openSite()[pri:0, instance:TestTest@4678c730]" name="openSite" class="TestTest"/>
      </group> <!-- openSite -->
      <group name="findExistingAd">
        <method signature="TestTest.findRightAd()[pri:0, instance:TestTest@4678c730]" name="findRightAd" class="TestTest"/>
      </group> <!-- findExistingAd -->
      <group name="findNotExistingAd">
        <method signature="TestTest.findWrongAd()[pri:0, instance:TestTest@4678c730]" name="findWrongAd" class="TestTest"/>
      </group> <!-- findNotExistingAd -->
    </groups>
    <test name="Surefire test" duration-ms="37396" started-at="2017-12-02T16:06:03Z" finished-at="2017-12-02T16:06:40Z">
      <class name="TestTest">
        <test-method status="PASS" signature="openSite()[pri:0, instance:TestTest@4678c730]" name="openSite" duration-ms="19575" started-at="2017-12-02T19:06:03Z" description="Открыть сайт и выбрать город СПБ" finished-at="2017-12-02T19:06:22Z">
          <reporter-output>
          </reporter-output>
        </test-method> <!-- openSite -->
        <test-method status="PASS" signature="findWrongAd()[pri:0, instance:TestTest@4678c730]" name="findWrongAd" duration-ms="4885" depends-on-groups="openSite" started-at="2017-12-02T19:06:22Z" description="Найти несуществующий товар с фото" finished-at="2017-12-02T19:06:27Z">
          <reporter-output>
          </reporter-output>
        </test-method> <!-- findWrongAd -->
        <test-method status="PASS" signature="findRightAd()[pri:0, instance:TestTest@4678c730]" name="findRightAd" duration-ms="10483" depends-on-groups="findNotExistingAd" started-at="2017-12-02T19:06:27Z" description="Найти существующий товар с заданными параметрами поиска" finished-at="2017-12-02T19:06:38Z">
          <reporter-output>
          </reporter-output>
        </test-method> <!-- findRightAd -->
        <test-method status="PASS" signature="tearDown()[pri:0, instance:TestTest@4678c730]" name="tearDown" is-config="true" duration-ms="2419" started-at="2017-12-02T19:06:38Z" finished-at="2017-12-02T19:06:40Z">
          <reporter-output>
          </reporter-output>
        </test-method> <!-- tearDown -->
      </class> <!-- TestTest -->
    </test> <!-- Surefire test -->
  </suite> <!-- Surefire suite -->
</testng-results>
